<?xml version="1.0" encoding="UTF-8"?>
<testsuite xmlns:xsi="http://www.w3.org/2001/XMLSchema-instance" xsi:noNamespaceSchemaLocation="https://maven.apache.org/surefire/maven-surefire-plugin/xsd/surefire-test-report.xsd" name="org.generator.WrapperJPKTest" time="0.011" tests="2" errors="0" skipped="0" failures="0">
  <properties>
[...]
</properties>
  <testcase name="testHeader" classname="org.generator.WrapperJPKTest" time="0.002"/>
  <testcase name="testSubject" classname="org.generator.WrapperJPKTest" time="0.006"/>
</testsuite>